POS: 1431860583.437480 39.331482 3.147097 0.000000
SPD: 1431860583.484995 0.0000000000 -0.0000000000 0.0000000000
ATT: 1431860583.533243 -0.017931 0.017797 -2.709105
SPD: 1431860583.622043 0.0000000000 -0.0000000000 0.0000000000
ATT: 1431860583.664259 -0.017747 0.017778 -2.709163
SPD: 1431860583.824143 0.0000000000 -0.0000000000 0.0000000000
ATT: 1431860583.867608 -0.017456 0.017760 -2.709158
SPD: 1431860584.23682 0.0000000000 -0.0000000000 0.0000000000
ATT: 1431860584.70295 -0.017694 0.017776 -2.709191
SPD: 1431860584.224493 0.0000000000 -0.0000000000 0.0000000000
ATT: 1431860584.266755 -0.017386 0.017605 -2.709222
POS: 1431860584.428680 39.331482 3.147097 0.000000
SPD: 1431860584.469164 0.0000000000 -0.0000000000 0.0000000000
ATT: 1431860584.509857 -0.017532 0.017616 -2.709233
SPD: 1431860584.629108 0.0000000000 -0.0000000000 0.0000000000
ATT: 1431860584.669750 -0.017613 0.017666 -2.709280
SPD: 1431860584.829267 0.0000000000 -0.0000000000 0.0000000000
ATT: 1431860584.872967 -0.017407 0.017671 -2.709289
SPD: 1431860585.29474 0.0000000000 -0.0000000000 0.0000000000
ATT: 1431860585.71462 -0.017623 0.017656 -2.709307
SPD: 1431860585.229687 0.0000000000 -0.0000000000 0.0000000000
ATT: 1431860585.280925 -0.017528 0.017711 -2.709296
POS: 1431860585.429881 39.331482 3.147097 0.000000
SPD: 1431860585.478535 0.0000000000 -0.0000000000 0.0000000000
ATT: 1431860585.524291 -0.017437 0.017721 -2.709290
SPD: 1431860585.630239 0.0000000000 -0.0000000000 0.0000000000
ATT: 1431860585.673892 -0.017533 0.017644 -2.709269
SPD: 1431860585.832490 0.0000000000 -0.0000000000 0.0000000000
ATT: 1431860585.874160 -0.017609 0.017841 -2.709257
SPD: 1431860586.31319 0.0000000000 -0.0000000000 0.0000000000
ATT: 1431860586.79115 -0.017622 0.017858 -2.709282
SPD: 1431860586.231341 0.0000000000 -0.0000000000 0.0000000000
ATT: 1431860586.271830 -0.017739 0.017792 -2.709250
POS: 1431860586.433356 39.331482 3.147097 0.000000
SPD: 1431860586.478351 0.0000000000 -0.0000000000 0.0000000000
ATT: 1431860586.520870 -0.017781 0.017673 -2.709274
SPD: 1431860586.636137 0.0000000000 -0.0000000000 0.0000000000
ATT: 1431860586.680922 -0.017791 0.017673 -2.709217
SPD: 1431860586.833247 0.0000000000 -0.0000000000 0.0000000000
ATT: 1431860586.878270 -0.017604 0.017797 -2.709178
SPD: 1431860587.33056 0.0000000000 -0.0000000000 0.0000000000
ATT: 1431860587.75825 -0.017532 0.017774 -2.709177
SPD: 1431860587.233448 0.0000000000 -0.0000000000 0.0000000000
ATT: 1431860587.279835 -0.017708 0.017666 -2.709169
POS: 1431860587.432889 39.331482 3.147097 0.000000
SPD: 1431860587.505877 0.0000000000 -0.0000000000 0.0000000000
ATT: 1431860587.548866 -0.017768 0.017754 -2.709173
SPD: 1431860587.633692 0.0000000000 -0.0000000000 0.0000000000
ATT: 1431860587.674039 -0.017676 0.017587 -2.709215
SPD: 1431860587.833918 0.0000000000 -0.0000000000 0.0000000000
ATT: 1431860587.875363 -0.018769 0.017651 -2.709158
SPD: 1431860588.33943 0.0000000000 -0.0000000000 0.0000000000
ATT: 1431860588.82200 -0.016831 0.017522 -2.709215
SPD: 1431860588.240467 0.0000000000 -0.0000000000 0.0000000000
ATT: 1431860588.283332 -0.016941 0.017506 -2.709241
POS: 1431860588.435587 39.331482 3.147097 0.000000
SPD: 1431860588.476431 0.0000000000 -0.0000000000 0.0000000000
ATT: 1431860588.526272 -0.017741 0.017984 -2.709168
SPD: 1431860588.636930 0.0000000000 -0.0000000000 0.0000000000
ATT: 1431860588.678933 -0.017706 0.017922 -2.709175
SPD: 1431860588.836377 0.0000000000 -0.0000000000 0.0000000000
ATT: 1431860588.877461 -0.017533 0.017680 -2.709274
SPD: 1431860589.36218 0.0000000000 -0.0000000000 0.0000000000
ATT: 1431860589.78544 -0.017559 0.017735 -2.709232
SPD: 1431860589.237266 0.0000000000 -0.0000000000 0.0000000000
ATT: 1431860589.277713 -0.017709 0.017735 -2.709242
POS: 1431860589.438311 39.331482 3.147097 0.000000
SPD: 1431860589.485969 0.0000000000 -0.0000000000 0.0000000000
ATT: 1431860589.526301 -0.017581 0.017391 -2.709222
SPD: 1431860589.636982 0.0000000000 -0.0000000000 0.0000000000
ATT: 1431860589.693684 -0.017650 0.017539 -2.709219
SPD: 1431860589.837249 0.0000000000 -0.0000000000 0.0000000000
ATT: 1431860589.881726 -0.017844 0.017931 -2.709227
SPD: 1431860590.39088 0.0000000000 -0.0000000000 0.0000000000
ATT: 1431860590.88439 -0.017827 0.017719 -2.709222
SPD: 1431860590.244030 0.0000000000 -0.0000000000 0.0000000000
ATT: 1431860590.284994 -0.017793 0.017635 -2.709233
POS: 1431860590.439324 39.331482 3.147097 0.000000
SPD: 1431860590.479845 0.0000000000 -0.0000000000 0.0000000000
ATT: 1431860590.520958 -0.017870 0.017795 -2.709184
SPD: 1431860590.643799 0.0000000000 -0.0000000000 0.0000000000
ATT: 1431860590.735446 -0.017814 0.017922 -2.709138
SPD: 1431860590.840213 0.0000000000 -0.0000000000 0.0000000000
ATT: 1431860590.885499 -0.017682 0.017816 -2.709124
SPD: 1431860591.40098 0.0000000000 -0.0000000000 0.0000000000
ATT: 1431860591.84887 -0.017652 0.017938 -2.709147
SPD: 1431860591.271974 0.0000000000 -0.0000000000 0.0000000000
ATT: 1431860591.288066 -0.017643 0.018032 -2.709158
POS: 1431860591.440404 39.331482 3.147097 0.000000
SPD: 1431860591.540705 0.0000000000 -0.0000000000 0.0000000000
ATT: 1431860591.541976 -0.017618 0.018005 -2.709127
SPD: 1431860591.642458 0.0000000000 -0.0000000000 0.0000000000
ATT: 1431860591.687518 -0.017643 0.017957 -2.709099
SPD: 1431860591.845993 0.0000000000 -0.0000000000 0.0000000000
ATT: 1431860591.889841 -0.017583 0.017957 -2.709123
SPD: 1431860592.81494 0.0000000000 -0.0000000000 0.0000000000
ATT: 1431860592.83722 -0.017586 0.018009 -2.709142
SPD: 1431860592.252810 0.0000000000 -0.0000000000 0.0000000000
ATT: 1431860592.351364 -0.017523 0.017764 -2.709134
POS: 1431860592.445821 39.331482 3.147097 0.000000
SPD: 1431860592.484939 0.0000000000 -0.0000000000 0.0000000000
ATT: 1431860592.526636 -0.017533 0.017587 -2.709146
SPD: 1431860592.650276 0.0000000000 -0.0000000000 0.0000000000
ATT: 1431860592.700945 -0.017524 0.017678 -2.709166
SPD: 1431860592.892204 0.0000000000 -0.0000000000 0.0000000000
ATT: 1431860592.905801 -0.017473 0.017771 -2.709085
SPD: 1431860593.48220 0.0000000000 -0.0000000000 0.0000000000
ATT: 1431860593.88785 -0.017504 0.017946 -2.709057
SPD: 1431860593.265969 0.0000000000 -0.0000000000 0.0000000000
ATT: 1431860593.306412 -0.017473 0.017933 -2.709053
POS: 1431860593.448106 39.331482 3.147097 0.000000
SPD: 1431860593.488495 0.0000000000 -0.0000000000 0.0000000000
ATT: 1431860593.532526 -0.017420 0.018027 -2.709061
SPD: 1431860593.751669 0.0000000000 -0.0000000000 0.0000000000
ATT: 1431860593.753045 -0.017438 0.017745 -2.709060
SPD: 1431860593.848327 0.0000000000 -0.0000000000 0.0000000000
ATT: 1431860593.889353 -0.017487 0.017783 -2.709091
SPD: 1431860594.72916 0.0000000000 -0.0000000000 0.0000000000
ATT: 1431860594.90315 -0.017495 0.017876 -2.709088
SPD: 1431860594.264837 0.0000000000 -0.0000000000 0.0000000000
ATT: 1431860594.307022 -0.017640 0.017964 -2.709074
POS: 1431860594.449403 39.331482 3.147097 0.000000
SPD: 1431860594.490126 0.0000000000 -0.0000000000 0.0000000000
ATT: 1431860594.530757 -0.017777 0.017905 -2.709069
SPD: 1431860594.651358 0.0000000000 -0.0000000000 0.0000000000
ATT: 1431860594.691863 -0.017730 0.017677 -2.709085
SPD: 1431860594.851350 0.0000000000 -0.0000000000 0.0000000000
ATT: 1431860594.893798 -0.017903 0.017780 -2.709100
ATT: 1431860595.92429 -0.017871 0.017829 -2.709096
SPD: 1431860595.251694 0.0000000000 -0.0000000000 0.0000000000
ATT: 1431860595.302720 -0.017812 0.017799 -2.709097
POS: 1431860595.452814 39.331482 3.147097 0.000000
SPD: 1431860595.493189 0.0000000000 -0.0000000000 0.0000000000
ATT: 1431860595.533594 -0.017734 0.017890 -2.709121
SPD: 1431860595.652461 0.0000000000 -0.0000000000 0.0000000000
ATT: 1431860595.693730 -0.017699 0.017888 -2.709125
SPD: 1431860595.853499 0.0000000000 -0.0000000000 0.0000000000
ATT: 1431860595.894379 -0.017737 0.017864 -2.709091
SPD: 1431860596.53078 0.0000000000 -0.0000000000 0.0000000000
ATT: 1431860596.95929 -0.017879 0.018055 -2.709083
SPD: 1431860596.255135 0.0000000000 -0.0000000000 0.0000000000
ATT: 1431860596.299249 -0.017777 0.017929 -2.709047
POS: 1431860596.456325 39.331482 3.147097 0.000000
SPD: 1431860596.497644 0.0000000000 -0.0000000000 0.0000000000
ATT: 1431860596.539206 -0.017829 0.017801 -2.709015
SPD: 1431860596.654684 0.0000000000 -0.0000000000 0.0000000000
ATT: 1431860596.696392 -0.017761 0.017854 -2.708984
SPD: 1431860596.859765 0.0000000000 -0.0000000000 0.0000000000
ATT: 1431860596.910160 -0.017921 0.017906 -2.709003
SPD: 1431860597.55543 0.0000000000 -0.0000000000 0.0000000000
ATT: 1431860597.101790 -0.017826 0.017857 -2.708959
SPD: 1431860597.255609 0.0000000000 -0.0000000000 0.0000000000
ATT: 1431860597.299091 -0.017798 0.017840 -2.708985
POS: 1431860597.455707 39.331482 3.147097 0.000000
SPD: 1431860597.500103 0.0000000000 -0.0000000000 0.0000000000
ATT: 1431860597.540552 -0.017744 0.017963 -2.708959
SPD: 1431860597.655802 0.0000000000 -0.0000000000 0.0000000000
ATT: 1431860597.696289 -0.017765 0.017901 -2.708910
SPD: 1431860597.858882 0.0000000000 -0.0000000000 0.0000000000
ATT: 1431860597.910581 -0.017569 0.018007 -2.708909
SPD: 1431860598.58186 0.0000000000 -0.0000000000 0.0000000000
ATT: 1431860598.100992 -0.017572 0.018071 -2.708895
SPD: 1431860598.260931 0.0000000000 -0.0000000000 0.0000000000
ATT: 1431860598.302440 -0.017609 0.018220 -2.708912
POS: 1431860598.458809 39.331482 3.147097 0.000000
SPD: 1431860598.499072 0.0000000000 -0.0000000000 0.0000000000
ATT: 1431860598.548588 -0.017600 0.018156 -2.708931
SPD: 1431860598.659070 0.0000000000 -0.0000000000 0.0000000000
ATT: 1431860598.699586 -0.017511 0.018061 -2.708955
SPD: 1431860598.860297 0.0000000000 -0.0000000000 0.0000000000
ATT: 1431860598.900909 -0.017604 0.018082 -2.708970
SPD: 1431860599.61707 0.0000000000 -0.0000000000 0.0000000000
ATT: 1431860599.102147 -0.017538 0.017935 -2.708965
SPD: 1431860599.261604 0.0000000000 -0.0000000000 0.0000000000
ATT: 1431860599.309633 -0.017646 0.017751 -2.709003
POS: 1431860599.460754 39.331482 3.147097 0.000000
SPD: 1431860599.507204 0.0000000000 -0.0000000000 0.0000000000
ATT: 1431860599.547118 -0.017622 0.017704 -2.709028
SPD: 1431860599.660872 0.0000000000 -0.0000000000 0.0000000000
ATT: 1431860599.702931 -0.017764 0.017828 -2.709032
SPD: 1431860599.861723 0.0000000000 -0.0000000000 0.0000000000
ATT: 1431860599.903616 -0.017621 0.017834 -2.709089
SPD: 1431860600.61259 0.0000000000 -0.0000000000 0.0000000000
ATT: 1431860600.104407 -0.017656 0.017994 -2.709111
SPD: 1431860600.262900 0.0000000000 -0.0000000000 0.0000000000
ATT: 1431860600.331732 -0.017701 0.017900 -2.709186
POS: 1431860600.463978 39.331482 3.147097 0.000000
SPD: 1431860600.506324 0.0000000000 -0.0000000000 0.0000000000
ATT: 1431860600.548322 -0.017546 0.017981 -2.709193
SPD: 1431860600.662959 0.0000000000 -0.0000000000 0.0000000000
ATT: 1431860600.705801 -0.017439 0.017968 -2.709185
SPD: 1431860600.867207 0.0000000000 -0.0000000000 0.0000000000
ATT: 1431860600.907569 -0.017526 0.017894 -2.709214
SPD: 1431860601.63198 0.0000000000 -0.0000000000 0.0000000000
ATT: 1431860601.110472 -0.017438 0.017906 -2.709253
SPD: 1431860601.263715 0.0000000000 -0.0000000000 0.0000000000
ATT: 1431860601.306192 -0.017649 0.017909 -2.709236
POS: 1431860601.463838 39.331482 3.147097 0.000000
SPD: 1431860601.510023 0.0000000000 -0.0000000000 0.0000000000
ATT: 1431860601.551472 -0.017574 0.017967 -2.709234
SPD: 1431860601.668677 0.0000000000 -0.0000000000 0.0000000000
ATT: 1431860601.719883 -0.017721 0.018045 -2.709237
SPD: 1431860601.865914 0.0000000000 -0.0000000000 0.0000000000
ATT: 1431860601.912176 -0.017682 0.017986 -2.709284
SPD: 1431860602.64359 0.0000000000 -0.0000000000 0.0000000000
ATT: 1431860602.107363 -0.017635 0.017779 -2.709316
SPD: 1431860602.265226 0.0000000000 -0.0000000000 0.0000000000
ATT: 1431860602.305005 -0.017722 0.017666 -2.709345
POS: 1431860602.467170 39.331482 3.147097 0.000000
SPD: 1431860602.508129 0.0000000000 -0.0000000000 0.0000000000
ATT: 1431860602.551444 -0.017737 0.017796 -2.709354
SPD: 1431860602.666708 0.0000000000 -0.0000000000 0.0000000000
ATT: 1431860602.707579 -0.017880 0.017973 -2.709366
SPD: 1431860602.867018 0.0000000000 -0.0000000000 0.0000000000
ATT: 1431860602.909024 -0.017855 0.017928 -2.709381
SPD: 1431860603.68662 0.0000000000 -0.0000000000 0.0000000000
ATT: 1431860603.116368 -0.017794 0.017957 -2.709414
SPD: 1431860603.267142 0.0000000000 -0.0000000000 0.0000000000
ATT: 1431860603.311376 -0.017791 0.017875 -2.709418
POS: 1431860603.468740 39.331482 3.147097 0.000000
SPD: 1431860603.514073 0.0000000000 -0.0000000000 0.0000000000
ATT: 1431860603.559835 -0.017681 0.017870 -2.709400
SPD: 1431860603.668121 0.0000000000 -0.0000000000 0.0000000000
ATT: 1431860603.714852 -0.017605 0.018003 -2.709388
